# JRE version: OpenJDK Runtime Environment (17.0.11) (build 17.0.11+0--11852314)
# Java VM: OpenJDK 64-Bit Server VM (17.0.11+0--11852314, mixed mode, tiered, compressed oops, compressed class ptrs, g1 gc, windows-amd64)
GC Precious Log:
 CPUs: 4 total, 4 available
 Memory: 16163M
 Large Page Support: Disabled
 NUMA Support: Disabled
 Compressed Oops: Enabled (32-bit)
 Heap Region Size: 1M
 Heap Min Capacity: 8M
 Heap Initial Capacity: 254M
 Heap Max Capacity: 2G
 Pre-touch: Disabled
 Parallel Workers: 4
 Concurrent Workers: 1
 Concurrent Refinement Workers: 4
 Periodic GC: Disabled
Heap:
 garbage-first heap   total 210944K, used 142056K [0x0000000080000000, 0x0000000100000000)
  region size 1024K, 47 young (48128K), 10 survivors (10240K)
 Metaspace       used 103236K, committed 103808K, reserved 1179648K
  class space    used 13561K, committed 13824K, reserved 1048576K
GC Heap History (20 events):
Event: 3.557 GC heap before
{Heap before GC invocations=14 (full 0):
 garbage-first heap   total 105472K, used 43841K [0x0000000080000000, 0x0000000100000000)
  region size 1024K, 6 young (6144K), 5 survivors (5120K)
 Metaspace       used 43043K, committed 43456K, reserved 1114112K
  class space    used 5872K, committed 6080K, reserved 1048576K
}
Event: 3.562 GC heap after
{Heap after GC invocations=15 (full 0):
 garbage-first heap   total 105472K, used 43270K [0x0000000080000000, 0x0000000100000000)
  region size 1024K, 1 young (1024K), 1 survivors (1024K)
 Metaspace       used 43043K, committed 43456K, reserved 1114112K
  class space    used 5872K, committed 6080K, reserved 1048576K
}
Event: 3.871 GC heap before
{Heap before GC invocations=15 (full 0):
 garbage-first heap   total 105472K, used 82182K [0x0000000080000000, 0x0000000100000000)
  region size 1024K, 35 young (35840K), 1 survivors (1024K)
 Metaspace       used 46152K, committed 46592K, reserved 1114112K
  class space    used 6122K, committed 6336K, reserved 1048576K
}
Event: 3.874 GC heap after
{Heap after GC invocations=16 (full 0):
 garbage-first heap   total 105472K, used 46091K [0x0000000080000000, 0x0000000100000000)
  region size 1024K, 4 young (4096K), 4 survivors (4096K)
 Metaspace       used 46152K, committed 46592K, reserved 1114112K
  class space    used 6122K, committed 6336K, reserved 1048576K
}
Event: 4.304 GC heap before
{Heap before GC invocations=16 (full 0):
 garbage-first heap   total 105472K, used 78859K [0x0000000080000000, 0x0000000100000000)
  region size 1024K, 36 young (36864K), 4 survivors (4096K)
 Metaspace       used 50243K, committed 50688K, reserved 1114112K
  class space    used 6776K, committed 6976K, reserved 1048576K
}
Event: 4.310 GC heap after
{Heap after GC invocations=17 (full 0):
 garbage-first heap   total 105472K, used 47541K [0x0000000080000000, 0x0000000100000000)
  region size 1024K, 2 young (2048K), 2 survivors (2048K)
 Metaspace       used 50243K, committed 50688K, reserved 1114112K
  class space    used 6776K, committed 6976K, reserved 1048576K
}
Event: 4.439 GC heap before
{Heap before GC invocations=17 (full 0):
 garbage-first heap   total 105472K, used 54709K [0x0000000080000000, 0x0000000100000000)
  region size 1024K, 11 young (11264K), 2 survivors (2048K)
 Metaspace       used 50718K, committed 51136K, reserved 1114112K
  class space    used 6846K, committed 7040K, reserved 1048576K
}
Event: 4.444 GC heap after
{Heap after GC invocations=18 (full 0):
 garbage-first heap   total 210944K, used 49457K [0x0000000080000000, 0x0000000100000000)
  region size 1024K, 4 young (4096K), 4 survivors (4096K)
 Metaspace       used 50718K, committed 51136K, reserved 1114112K
  class space    used 6846K, committed 7040K, reserved 1048576K
}
Event: 5.286 GC heap before
{Heap before GC invocations=18 (full 0):
 garbage-first heap   total 210944K, used 146737K [0x0000000080000000, 0x0000000100000000)
  region size 1024K, 86 young (88064K), 4 survivors (4096K)
 Metaspace       used 60211K, committed 60736K, reserved 1114112K
  class space    used 8511K, committed 8768K, reserved 1048576K
}
Event: 5.293 GC heap after
{Heap after GC invocations=19 (full 0):
 garbage-first heap   total 210944K, used 68250K [0x0000000080000000, 0x0000000100000000)
  region size 1024K, 10 young (10240K), 10 survivors (10240K)
 Metaspace       used 60211K, committed 60736K, reserved 1114112K
  class space    used 8511K, committed 8768K, reserved 1048576K
}
Event: 6.038 GC heap before
{Heap before GC invocations=20 (full 0):
 garbage-first heap   total 210944K, used 160410K [0x0000000080000000, 0x0000000100000000)
  region size 1024K, 93 young (95232K), 10 survivors (10240K)
 Metaspace       used 71835K, committed 72512K, reserved 1114112K
  class space    used 10007K, committed 10304K, reserved 1048576K
}
Event: 6.053 GC heap after
{Heap after GC invocations=21 (full 0):
 garbage-first heap   total 210944K, used 79262K [0x0000000080000000, 0x0000000100000000)
  region size 1024K, 10 young (10240K), 10 survivors (10240K)
 Metaspace       used 71835K, committed 72512K, reserved 1114112K
  class space    used 10007K, committed 10304K, reserved 1048576K
}
Event: 6.826 GC heap before
{Heap before GC invocations=22 (full 0):
 garbage-first heap   total 210944K, used 170398K [0x0000000080000000, 0x0000000100000000)
  region size 1024K, 92 young (94208K), 10 survivors (10240K)
 Metaspace       used 77753K, committed 78400K, reserved 1179648K
  class space    used 10711K, committed 11008K, reserved 1048576K
}
Event: 6.845 GC heap after
{Heap after GC invocations=23 (full 0):
 garbage-first heap   total 210944K, used 90644K [0x0000000080000000, 0x0000000100000000)
  region size 1024K, 12 young (12288K), 12 survivors (12288K)
 Metaspace       used 77753K, committed 78400K, reserved 1179648K
  class space    used 10711K, committed 11008K, reserved 1048576K
}
Event: 7.390 GC heap before
{Heap before GC invocations=23 (full 0):
 garbage-first heap   total 210944K, used 166420K [0x0000000080000000, 0x0000000100000000)
  region size 1024K, 86 young (88064K), 12 survivors (12288K)
 Metaspace       used 86578K, committed 87168K, reserved 1179648K
  class space    used 11629K, committed 11904K, reserved 1048576K
}
Event: 7.403 GC heap after
{Heap after GC invocations=24 (full 0):
 garbage-first heap   total 210944K, used 96118K [0x0000000080000000, 0x0000000100000000)
  region size 1024K, 5 young (5120K), 5 survivors (5120K)
 Metaspace       used 86578K, committed 87168K, reserved 1179648K
  class space    used 11629K, committed 11904K, reserved 1048576K
}
Event: 8.113 GC heap before
{Heap before GC invocations=24 (full 0):
 garbage-first heap   total 210944K, used 170870K [0x0000000080000000, 0x0000000100000000)
  region size 1024K, 77 young (78848K), 5 survivors (5120K)
 Metaspace       used 92876K, committed 93440K, reserved 1179648K
  class space    used 12394K, committed 12672K, reserved 1048576K
}
Event: 8.122 GC heap after
{Heap after GC invocations=25 (full 0):
 garbage-first heap   total 210944K, used 99788K [0x0000000080000000, 0x0000000100000000)
  region size 1024K, 9 young (9216K), 9 survivors (9216K)
 Metaspace       used 92876K, committed 93440K, reserved 1179648K
  class space    used 12394K, committed 12672K, reserved 1048576K
}
Event: 8.749 GC heap before
{Heap before GC invocations=25 (full 0):
 garbage-first heap   total 210944K, used 171468K [0x0000000080000000, 0x0000000100000000)
  region size 1024K, 79 young (80896K), 9 survivors (9216K)
 Metaspace       used 98825K, committed 99392K, reserved 1179648K
  class space    used 12996K, committed 13248K, reserved 1048576K
}
Event: 8.759 GC heap after
{Heap after GC invocations=26 (full 0):
 garbage-first heap   total 210944K, used 105192K [0x0000000080000000, 0x0000000100000000)
  region size 1024K, 10 young (10240K), 10 survivors (10240K)
 Metaspace       used 98825K, committed 99392K, reserved 1179648K
  class space    used 12996K, committed 13248K, reserved 1048576K
}

