# JRE version: OpenJDK Runtime Environment (17.0.11) (build 17.0.11+0--11852314)
# Java VM: OpenJDK 64-Bit Server VM (17.0.11+0--11852314, mixed mode, tiered, compressed oops, compressed class ptrs, g1 gc, windows-amd64)
GC Precious Log:
 CPUs: 4 total, 4 available
 Memory: 16163M
 Large Page Support: Disabled
 NUMA Support: Disabled
 Compressed Oops: Enabled (32-bit)
 Heap Region Size: 1M
 Heap Min Capacity: 8M
 Heap Initial Capacity: 254M
 Heap Max Capacity: 2G
 Pre-touch: Disabled
 Parallel Workers: 4
 Concurrent Workers: 1
 Concurrent Refinement Workers: 4
 Periodic GC: Disabled
Heap:
 garbage-first heap   total 199680K, used 103955K [0x0000000080000000, 0x0000000100000000)
  region size 1024K, 7 young (7168K), 7 survivors (7168K)
 Metaspace       used 97241K, committed 97792K, reserved 1179648K
  class space    used 12871K, committed 13120K, reserved 1048576K
GC Heap History (20 events):
Event: 5.231 GC heap after
{Heap after GC invocations=22 (full 0):
 garbage-first heap   total 121856K, used 69828K [0x0000000080000000, 0x0000000100000000)
  region size 1024K, 3 young (3072K), 3 survivors (3072K)
 Metaspace       used 63437K, committed 64064K, reserved 1114112K
  class space    used 8973K, committed 9280K, reserved 1048576K
}
Event: 5.444 GC heap before
{Heap before GC invocations=23 (full 0):
 garbage-first heap   total 128000K, used 98500K [0x0000000080000000, 0x0000000100000000)
  region size 1024K, 31 young (31744K), 3 survivors (3072K)
 Metaspace       used 67734K, committed 68352K, reserved 1114112K
  class space    used 9487K, committed 9792K, reserved 1048576K
}
Event: 5.446 GC heap after
{Heap after GC invocations=24 (full 0):
 garbage-first heap   total 128000K, used 70393K [0x0000000080000000, 0x0000000100000000)
  region size 1024K, 2 young (2048K), 2 survivors (2048K)
 Metaspace       used 67734K, committed 68352K, reserved 1114112K
  class space    used 9487K, committed 9792K, reserved 1048576K
}
Event: 5.617 GC heap before
{Heap before GC invocations=24 (full 0):
 garbage-first heap   total 128000K, used 94969K [0x0000000080000000, 0x0000000100000000)
  region size 1024K, 27 young (27648K), 2 survivors (2048K)
 Metaspace       used 71588K, committed 72256K, reserved 1114112K
  class space    used 10004K, committed 10304K, reserved 1048576K
}
Event: 5.620 GC heap after
{Heap after GC invocations=25 (full 0):
 garbage-first heap   total 153600K, used 70996K [0x0000000080000000, 0x0000000100000000)
  region size 1024K, 3 young (3072K), 3 survivors (3072K)
 Metaspace       used 71588K, committed 72256K, reserved 1114112K
  class space    used 10004K, committed 10304K, reserved 1048576K
}
Event: 5.623 GC heap before
{Heap before GC invocations=25 (full 0):
 garbage-first heap   total 153600K, used 77140K [0x0000000080000000, 0x0000000100000000)
  region size 1024K, 3 young (3072K), 3 survivors (3072K)
 Metaspace       used 71588K, committed 72256K, reserved 1114112K
  class space    used 10004K, committed 10304K, reserved 1048576K
}
Event: 5.625 GC heap after
{Heap after GC invocations=26 (full 0):
 garbage-first heap   total 153600K, used 77230K [0x0000000080000000, 0x0000000100000000)
  region size 1024K, 3 young (3072K), 3 survivors (3072K)
 Metaspace       used 71588K, committed 72256K, reserved 1114112K
  class space    used 10004K, committed 10304K, reserved 1048576K
}
Event: 5.930 GC heap before
{Heap before GC invocations=27 (full 0):
 garbage-first heap   total 153600K, used 127406K [0x0000000080000000, 0x0000000100000000)
  region size 1024K, 51 young (52224K), 3 survivors (3072K)
 Metaspace       used 73157K, committed 73792K, reserved 1114112K
  class space    used 10194K, committed 10496K, reserved 1048576K
}
Event: 5.942 GC heap after
{Heap after GC invocations=28 (full 0):
 garbage-first heap   total 153600K, used 81359K [0x0000000080000000, 0x0000000100000000)
  region size 1024K, 7 young (7168K), 7 survivors (7168K)
 Metaspace       used 73157K, committed 73792K, reserved 1114112K
  class space    used 10194K, committed 10496K, reserved 1048576K
}
Event: 6.115 GC heap before
{Heap before GC invocations=28 (full 0):
 garbage-first heap   total 153600K, used 101839K [0x0000000080000000, 0x0000000100000000)
  region size 1024K, 28 young (28672K), 7 survivors (7168K)
 Metaspace       used 76062K, committed 76672K, reserved 1179648K
  class space    used 10521K, committed 10816K, reserved 1048576K
}
Event: 6.123 GC heap after
{Heap after GC invocations=29 (full 0):
 garbage-first heap   total 153600K, used 83238K [0x0000000080000000, 0x0000000100000000)
  region size 1024K, 2 young (2048K), 2 survivors (2048K)
 Metaspace       used 76062K, committed 76672K, reserved 1179648K
  class space    used 10521K, committed 10816K, reserved 1048576K
}
Event: 6.411 GC heap before
{Heap before GC invocations=30 (full 0):
 garbage-first heap   total 163840K, used 132390K [0x0000000080000000, 0x0000000100000000)
  region size 1024K, 43 young (44032K), 2 survivors (2048K)
 Metaspace       used 80635K, committed 81280K, reserved 1179648K
  class space    used 10958K, committed 11264K, reserved 1048576K
}
Event: 6.415 GC heap after
{Heap after GC invocations=31 (full 0):
 garbage-first heap   total 163840K, used 92956K [0x0000000080000000, 0x0000000100000000)
  region size 1024K, 4 young (4096K), 4 survivors (4096K)
 Metaspace       used 80635K, committed 81280K, reserved 1179648K
  class space    used 10958K, committed 11264K, reserved 1048576K
}
Event: 6.730 GC heap before
{Heap before GC invocations=31 (full 0):
 garbage-first heap   total 163840K, used 134940K [0x0000000080000000, 0x0000000100000000)
  region size 1024K, 45 young (46080K), 4 survivors (4096K)
 Metaspace       used 85786K, committed 86400K, reserved 1179648K
  class space    used 11542K, committed 11840K, reserved 1048576K
}
Event: 6.734 GC heap after
{Heap after GC invocations=32 (full 0):
 garbage-first heap   total 163840K, used 95055K [0x0000000080000000, 0x0000000100000000)
  region size 1024K, 5 young (5120K), 5 survivors (5120K)
 Metaspace       used 85786K, committed 86400K, reserved 1179648K
  class space    used 11542K, committed 11840K, reserved 1048576K
}
Event: 7.102 GC heap before
{Heap before GC invocations=33 (full 0):
 garbage-first heap   total 171008K, used 130895K [0x0000000080000000, 0x0000000100000000)
  region size 1024K, 41 young (41984K), 5 survivors (5120K)
 Metaspace       used 90425K, committed 91072K, reserved 1179648K
  class space    used 12138K, committed 12416K, reserved 1048576K
}
Event: 7.108 GC heap after
{Heap after GC invocations=34 (full 0):
 garbage-first heap   total 171008K, used 97586K [0x0000000080000000, 0x0000000100000000)
  region size 1024K, 5 young (5120K), 5 survivors (5120K)
 Metaspace       used 90425K, committed 91072K, reserved 1179648K
  class space    used 12138K, committed 12416K, reserved 1048576K
}
Event: 7.441 GC heap before
{Heap before GC invocations=35 (full 0):
 garbage-first heap   total 199680K, used 141618K [0x0000000080000000, 0x0000000100000000)
  region size 1024K, 47 young (48128K), 5 survivors (5120K)
 Metaspace       used 92379K, committed 92992K, reserved 1179648K
  class space    used 12355K, committed 12608K, reserved 1048576K
}
Event: 7.448 GC heap after
{Heap after GC invocations=36 (full 0):
 garbage-first heap   total 199680K, used 100141K [0x0000000080000000, 0x0000000100000000)
  region size 1024K, 5 young (5120K), 5 survivors (5120K)
 Metaspace       used 92379K, committed 92992K, reserved 1179648K
  class space    used 12355K, committed 12608K, reserved 1048576K
}
Event: 7.987 GC heap before
{Heap before GC invocations=36 (full 0):
 garbage-first heap   total 199680K, used 159533K [0x0000000080000000, 0x0000000100000000)
  region size 1024K, 63 young (64512K), 5 survivors (5120K)
 Metaspace       used 97241K, committed 97792K, reserved 1179648K
  class space    used 12871K, committed 13120K, reserved 1048576K
}

