# JRE version: OpenJDK Runtime Environment (17.0.11) (build 17.0.11+0--11852314)
# Java VM: OpenJDK 64-Bit Server VM (17.0.11+0--11852314, mixed mode, tiered, compressed oops, compressed class ptrs, g1 gc, windows-amd64)
GC Precious Log:
 CPUs: 4 total, 4 available
 Memory: 16163M
 Large Page Support: Disabled
 NUMA Support: Disabled
 Compressed Oops: Enabled (32-bit)
 Heap Region Size: 1M
 Heap Min Capacity: 8M
 Heap Initial Capacity: 254M
 Heap Max Capacity: 2G
 Pre-touch: Disabled
 Parallel Workers: 4
 Concurrent Workers: 1
 Concurrent Refinement Workers: 4
 Periodic GC: Disabled
Heap:
 garbage-first heap   total 260096K, used 106411K [0x0000000080000000, 0x0000000100000000)
  region size 1024K, 1 young (1024K), 1 survivors (1024K)
 Metaspace       used 99182K, committed 99776K, reserved 1179648K
  class space    used 13048K, committed 13312K, reserved 1048576K
GC Heap History (20 events):
Event: 10.725 GC heap after
{Heap after GC invocations=32 (full 0):
 garbage-first heap   total 132096K, used 70978K [0x0000000080000000, 0x0000000100000000)
  region size 1024K, 3 young (3072K), 3 survivors (3072K)
 Metaspace       used 63409K, committed 63936K, reserved 1114112K
  class space    used 8969K, committed 9216K, reserved 1048576K
}
Event: 10.753 GC heap before
{Heap before GC invocations=32 (full 0):
 garbage-first heap   total 132096K, used 74050K [0x0000000080000000, 0x0000000100000000)
  region size 1024K, 6 young (6144K), 3 survivors (3072K)
 Metaspace       used 63838K, committed 64384K, reserved 1114112K
  class space    used 9024K, committed 9280K, reserved 1048576K
}
Event: 10.756 GC heap after
{Heap after GC invocations=33 (full 0):
 garbage-first heap   total 132096K, used 71189K [0x0000000080000000, 0x0000000100000000)
  region size 1024K, 1 young (1024K), 1 survivors (1024K)
 Metaspace       used 63838K, committed 64384K, reserved 1114112K
  class space    used 9024K, committed 9280K, reserved 1048576K
}
Event: 10.952 GC heap before
{Heap before GC invocations=33 (full 0):
 garbage-first heap   total 132096K, used 101909K [0x0000000080000000, 0x0000000100000000)
  region size 1024K, 31 young (31744K), 1 survivors (1024K)
 Metaspace       used 68391K, committed 68992K, reserved 1114112K
  class space    used 9574K, committed 9856K, reserved 1048576K
}
Event: 10.954 GC heap after
{Heap after GC invocations=34 (full 0):
 garbage-first heap   total 186368K, used 71496K [0x0000000080000000, 0x0000000100000000)
  region size 1024K, 1 young (1024K), 1 survivors (1024K)
 Metaspace       used 68391K, committed 68992K, reserved 1114112K
  class space    used 9574K, committed 9856K, reserved 1048576K
}
Event: 11.469 GC heap before
{Heap before GC invocations=35 (full 0):
 garbage-first heap   total 186368K, used 144200K [0x0000000080000000, 0x0000000100000000)
  region size 1024K, 65 young (66560K), 1 survivors (1024K)
 Metaspace       used 72743K, committed 73408K, reserved 1114112K
  class space    used 10122K, committed 10432K, reserved 1048576K
}
Event: 11.479 GC heap after
{Heap after GC invocations=36 (full 0):
 garbage-first heap   total 186368K, used 81966K [0x0000000080000000, 0x0000000100000000)
  region size 1024K, 9 young (9216K), 9 survivors (9216K)
 Metaspace       used 72743K, committed 73408K, reserved 1114112K
  class space    used 10122K, committed 10432K, reserved 1048576K
}
Event: 11.965 GC heap before
{Heap before GC invocations=36 (full 0):
 garbage-first heap   total 186368K, used 148526K [0x0000000080000000, 0x0000000100000000)
  region size 1024K, 67 young (68608K), 9 survivors (9216K)
 Metaspace       used 79730K, committed 80384K, reserved 1179648K
  class space    used 10897K, committed 11200K, reserved 1048576K
}
Event: 11.978 GC heap after
{Heap after GC invocations=37 (full 0):
 garbage-first heap   total 186368K, used 93335K [0x0000000080000000, 0x0000000100000000)
  region size 1024K, 4 young (4096K), 4 survivors (4096K)
 Metaspace       used 79730K, committed 80384K, reserved 1179648K
  class space    used 10897K, committed 11200K, reserved 1048576K
}
Event: 12.367 GC heap before
{Heap before GC invocations=37 (full 0):
 garbage-first heap   total 186368K, used 144535K [0x0000000080000000, 0x0000000100000000)
  region size 1024K, 54 young (55296K), 4 survivors (4096K)
 Metaspace       used 86066K, committed 86656K, reserved 1179648K
  class space    used 11563K, committed 11840K, reserved 1048576K
}
Event: 12.373 GC heap after
{Heap after GC invocations=38 (full 0):
 garbage-first heap   total 186368K, used 96598K [0x0000000080000000, 0x0000000100000000)
  region size 1024K, 3 young (3072K), 3 survivors (3072K)
 Metaspace       used 86066K, committed 86656K, reserved 1179648K
  class space    used 11563K, committed 11840K, reserved 1048576K
}
Event: 12.956 GC heap before
{Heap before GC invocations=39 (full 0):
 garbage-first heap   total 186368K, used 148822K [0x0000000080000000, 0x0000000100000000)
  region size 1024K, 53 young (54272K), 3 survivors (3072K)
 Metaspace       used 90552K, committed 91200K, reserved 1179648K
  class space    used 12133K, committed 12416K, reserved 1048576K
}
Event: 12.961 GC heap after
{Heap after GC invocations=40 (full 0):
 garbage-first heap   total 186368K, used 98927K [0x0000000080000000, 0x0000000100000000)
  region size 1024K, 6 young (6144K), 6 survivors (6144K)
 Metaspace       used 90552K, committed 91200K, reserved 1179648K
  class space    used 12133K, committed 12416K, reserved 1048576K
}
Event: 12.968 GC heap before
{Heap before GC invocations=40 (full 0):
 garbage-first heap   total 186368K, used 101999K [0x0000000080000000, 0x0000000100000000)
  region size 1024K, 9 young (9216K), 6 survivors (6144K)
 Metaspace       used 90552K, committed 91200K, reserved 1179648K
  class space    used 12133K, committed 12416K, reserved 1048576K
}
Event: 12.974 GC heap after
{Heap after GC invocations=41 (full 0):
 garbage-first heap   total 186368K, used 98951K [0x0000000080000000, 0x0000000100000000)
  region size 1024K, 1 young (1024K), 1 survivors (1024K)
 Metaspace       used 90552K, committed 91200K, reserved 1179648K
  class space    used 12133K, committed 12416K, reserved 1048576K
}
Event: 13.461 GC heap before
{Heap before GC invocations=41 (full 0):
 garbage-first heap   total 186368K, used 150151K [0x0000000080000000, 0x0000000100000000)
  region size 1024K, 51 young (52224K), 1 survivors (1024K)
 Metaspace       used 93515K, committed 94144K, reserved 1179648K
  class space    used 12451K, committed 12736K, reserved 1048576K
}
Event: 13.467 GC heap after
{Heap after GC invocations=42 (full 0):
 garbage-first heap   total 186368K, used 102607K [0x0000000080000000, 0x0000000100000000)
  region size 1024K, 5 young (5120K), 5 survivors (5120K)
 Metaspace       used 93515K, committed 94144K, reserved 1179648K
  class space    used 12451K, committed 12736K, reserved 1048576K
}
Event: 14.058 GC heap before
{Heap before GC invocations=43 (full 0):
 garbage-first heap   total 186368K, used 149711K [0x0000000080000000, 0x0000000100000000)
  region size 1024K, 52 young (53248K), 5 survivors (5120K)
 Metaspace       used 98718K, committed 99328K, reserved 1179648K
  class space    used 12994K, committed 13248K, reserved 1048576K
}
Event: 14.087 GC heap after
{Heap after GC invocations=44 (full 0):
 garbage-first heap   total 186368K, used 105974K [0x0000000080000000, 0x0000000100000000)
  region size 1024K, 4 young (4096K), 4 survivors (4096K)
 Metaspace       used 98718K, committed 99328K, reserved 1179648K
  class space    used 12994K, committed 13248K, reserved 1048576K
}
Event: 14.179 GC heap before
{Heap before GC invocations=44 (full 0):
 garbage-first heap   total 186368K, used 111094K [0x0000000080000000, 0x0000000100000000)
  region size 1024K, 9 young (9216K), 4 survivors (4096K)
 Metaspace       used 99182K, committed 99776K, reserved 1179648K
  class space    used 13048K, committed 13312K, reserved 1048576K
}

