# JRE version: OpenJDK Runtime Environment (17.0.11) (build 17.0.11+0--11852314)
# Java VM: OpenJDK 64-Bit Server VM (17.0.11+0--11852314, mixed mode, tiered, compressed oops, compressed class ptrs, g1 gc, windows-amd64)
GC Precious Log:
 CPUs: 4 total, 4 available
 Memory: 16163M
 Large Page Support: Disabled
 NUMA Support: Disabled
 Compressed Oops: Enabled (32-bit)
 Heap Region Size: 1M
 Heap Min Capacity: 8M
 Heap Initial Capacity: 254M
 Heap Max Capacity: 2G
 Pre-touch: Disabled
 Parallel Workers: 4
 Concurrent Workers: 1
 Concurrent Refinement Workers: 4
 Periodic GC: Disabled
Heap:
 garbage-first heap   total 327680K, used 221917K [0x0000000080000000, 0x0000000100000000)
  region size 1024K, 46 young (47104K), 4 survivors (4096K)
 Metaspace       used 143701K, committed 144448K, reserved 1179648K
  class space    used 18523K, committed 18880K, reserved 1048576K
GC Heap History (20 events):
Event: 7.804 GC heap before
{Heap before GC invocations=40 (full 0):
 garbage-first heap   total 163840K, used 134159K [0x0000000080000000, 0x0000000100000000)
  region size 1024K, 44 young (45056K), 4 survivors (4096K)
 Metaspace       used 85532K, committed 86080K, reserved 1179648K
  class space    used 11513K, committed 11776K, reserved 1048576K
}
Event: 7.812 GC heap after
{Heap after GC invocations=41 (full 0):
 garbage-first heap   total 163840K, used 95068K [0x0000000080000000, 0x0000000100000000)
  region size 1024K, 5 young (5120K), 5 survivors (5120K)
 Metaspace       used 85532K, committed 86080K, reserved 1179648K
  class space    used 11513K, committed 11776K, reserved 1048576K
}
Event: 8.341 GC heap before
{Heap before GC invocations=42 (full 0):
 garbage-first heap   total 171008K, used 132956K [0x0000000080000000, 0x0000000100000000)
  region size 1024K, 43 young (44032K), 5 survivors (5120K)
 Metaspace       used 90434K, committed 91008K, reserved 1179648K
  class space    used 12136K, committed 12416K, reserved 1048576K
}
Event: 8.357 GC heap after
{Heap after GC invocations=43 (full 0):
 garbage-first heap   total 171008K, used 97697K [0x0000000080000000, 0x0000000100000000)
  region size 1024K, 5 young (5120K), 5 survivors (5120K)
 Metaspace       used 90434K, committed 91008K, reserved 1179648K
  class space    used 12136K, committed 12416K, reserved 1048576K
}
Event: 8.914 GC heap before
{Heap before GC invocations=44 (full 0):
 garbage-first heap   total 181248K, used 141729K [0x0000000080000000, 0x0000000100000000)
  region size 1024K, 47 young (48128K), 5 survivors (5120K)
 Metaspace       used 92351K, committed 92928K, reserved 1179648K
  class space    used 12352K, committed 12608K, reserved 1048576K
}
Event: 8.920 GC heap after
{Heap after GC invocations=45 (full 0):
 garbage-first heap   total 181248K, used 100061K [0x0000000080000000, 0x0000000100000000)
  region size 1024K, 5 young (5120K), 5 survivors (5120K)
 Metaspace       used 92351K, committed 92928K, reserved 1179648K
  class space    used 12352K, committed 12608K, reserved 1048576K
}
Event: 8.973 GC heap before
{Heap before GC invocations=45 (full 0):
 garbage-first heap   total 181248K, used 103133K [0x0000000080000000, 0x0000000100000000)
  region size 1024K, 8 young (8192K), 5 survivors (5120K)
 Metaspace       used 92724K, committed 93312K, reserved 1179648K
  class space    used 12397K, committed 12672K, reserved 1048576K
}
Event: 8.979 GC heap after
{Heap after GC invocations=46 (full 0):
 garbage-first heap   total 316416K, used 100470K [0x0000000080000000, 0x0000000100000000)
  region size 1024K, 1 young (1024K), 1 survivors (1024K)
 Metaspace       used 92724K, committed 93312K, reserved 1179648K
  class space    used 12397K, committed 12672K, reserved 1048576K
}
Event: 10.417 GC heap before
{Heap before GC invocations=46 (full 0):
 garbage-first heap   total 316416K, used 236662K [0x0000000080000000, 0x0000000100000000)
  region size 1024K, 135 young (138240K), 1 survivors (1024K)
 Metaspace       used 107374K, committed 107968K, reserved 1179648K
  class space    used 13954K, committed 14208K, reserved 1048576K
}
Event: 10.426 GC heap after
{Heap after GC invocations=47 (full 0):
 garbage-first heap   total 316416K, used 107055K [0x0000000080000000, 0x0000000100000000)
  region size 1024K, 8 young (8192K), 8 survivors (8192K)
 Metaspace       used 107374K, committed 107968K, reserved 1179648K
  class space    used 13954K, committed 14208K, reserved 1048576K
}
Event: 11.927 GC heap before
{Heap before GC invocations=47 (full 0):
 garbage-first heap   total 316416K, used 244271K [0x0000000080000000, 0x0000000100000000)
  region size 1024K, 142 young (145408K), 8 survivors (8192K)
 Metaspace       used 116023K, committed 116608K, reserved 1179648K
  class space    used 14883K, committed 15168K, reserved 1048576K
}
Event: 11.934 GC heap after
{Heap after GC invocations=48 (full 0):
 garbage-first heap   total 316416K, used 108647K [0x0000000080000000, 0x0000000100000000)
  region size 1024K, 9 young (9216K), 9 survivors (9216K)
 Metaspace       used 116023K, committed 116608K, reserved 1179648K
  class space    used 14883K, committed 15168K, reserved 1048576K
}
Event: 13.560 GC heap before
{Heap before GC invocations=48 (full 0):
 garbage-first heap   total 316416K, used 250983K [0x0000000080000000, 0x0000000100000000)
  region size 1024K, 149 young (152576K), 9 survivors (9216K)
 Metaspace       used 131058K, committed 131776K, reserved 1179648K
  class space    used 16942K, committed 17280K, reserved 1048576K
}
Event: 13.576 GC heap after
{Heap after GC invocations=49 (full 0):
 garbage-first heap   total 316416K, used 119516K [0x0000000080000000, 0x0000000100000000)
  region size 1024K, 19 young (19456K), 19 survivors (19456K)
 Metaspace       used 131058K, committed 131776K, reserved 1179648K
  class space    used 16942K, committed 17280K, reserved 1048576K
}
Event: 14.229 GC heap before
{Heap before GC invocations=49 (full 0):
 garbage-first heap   total 316416K, used 277212K [0x0000000080000000, 0x0000000100000000)
  region size 1024K, 153 young (156672K), 19 survivors (19456K)
 Metaspace       used 131791K, committed 132544K, reserved 1179648K
  class space    used 16996K, committed 17344K, reserved 1048576K
}
Event: 14.262 GC heap after
{Heap after GC invocations=50 (full 0):
 garbage-first heap   total 324608K, used 153520K [0x0000000080000000, 0x0000000100000000)
  region size 1024K, 20 young (20480K), 20 survivors (20480K)
 Metaspace       used 131791K, committed 132544K, reserved 1179648K
  class space    used 16996K, committed 17344K, reserved 1048576K
}
Event: 14.855 GC heap before
{Heap before GC invocations=50 (full 0):
 garbage-first heap   total 324608K, used 258992K [0x0000000080000000, 0x0000000100000000)
  region size 1024K, 117 young (119808K), 20 survivors (20480K)
 Metaspace       used 135376K, committed 136192K, reserved 1179648K
  class space    used 17430K, committed 17792K, reserved 1048576K
}
Event: 14.871 GC heap after
{Heap after GC invocations=51 (full 0):
 garbage-first heap   total 324608K, used 171741K [0x0000000080000000, 0x0000000100000000)
  region size 1024K, 11 young (11264K), 11 survivors (11264K)
 Metaspace       used 135376K, committed 136192K, reserved 1179648K
  class space    used 17430K, committed 17792K, reserved 1048576K
}
Event: 15.493 GC heap before
{Heap before GC invocations=51 (full 0):
 garbage-first heap   total 324608K, used 228061K [0x0000000080000000, 0x0000000100000000)
  region size 1024K, 67 young (68608K), 11 survivors (11264K)
 Metaspace       used 141606K, committed 142336K, reserved 1179648K
  class space    used 18213K, committed 18560K, reserved 1048576K
}
Event: 15.500 GC heap after
{Heap after GC invocations=52 (full 0):
 garbage-first heap   total 324608K, used 174813K [0x0000000080000000, 0x0000000100000000)
  region size 1024K, 4 young (4096K), 4 survivors (4096K)
 Metaspace       used 141606K, committed 142336K, reserved 1179648K
  class space    used 18213K, committed 18560K, reserved 1048576K
}

