# JRE version: OpenJDK Runtime Environment (17.0.11) (build 17.0.11+0--11852314)
# Java VM: OpenJDK 64-Bit Server VM (17.0.11+0--11852314, mixed mode, tiered, compressed oops, compressed class ptrs, g1 gc, windows-amd64)
GC Precious Log:
 CPUs: 4 total, 4 available
 Memory: 16163M
 Large Page Support: Disabled
 NUMA Support: Disabled
 Compressed Oops: Enabled (32-bit)
 Heap Region Size: 1M
 Heap Min Capacity: 8M
 Heap Initial Capacity: 254M
 Heap Max Capacity: 2G
 Pre-touch: Disabled
 Parallel Workers: 4
 Concurrent Workers: 1
 Concurrent Refinement Workers: 4
 Periodic GC: Disabled
Heap:
 garbage-first heap   total 305152K, used 113490K [0x0000000080000000, 0x0000000100000000)
  region size 1024K, 14 young (14336K), 1 survivors (1024K)
 Metaspace       used 65355K, committed 66048K, reserved 1114112K
  class space    used 8913K, committed 9216K, reserved 1048576K
GC Heap History (20 events):
Event: 4.685 GC heap before
{Heap before GC invocations=20 (full 0):
 garbage-first heap   total 126976K, used 84592K [0x0000000080000000, 0x0000000100000000)
  region size 1024K, 18 young (18432K), 3 survivors (3072K)
 Metaspace       used 52842K, committed 53312K, reserved 1114112K
  class space    used 7042K, committed 7232K, reserved 1048576K
}
Event: 4.687 GC heap after
{Heap after GC invocations=21 (full 0):
 garbage-first heap   total 126976K, used 69112K [0x0000000080000000, 0x0000000100000000)
  region size 1024K, 2 young (2048K), 2 survivors (2048K)
 Metaspace       used 52842K, committed 53312K, reserved 1114112K
  class space    used 7042K, committed 7232K, reserved 1048576K
}
Event: 4.842 GC heap before
{Heap before GC invocations=21 (full 0):
 garbage-first heap   total 126976K, used 89592K [0x0000000080000000, 0x0000000100000000)
  region size 1024K, 23 young (23552K), 2 survivors (2048K)
 Metaspace       used 53818K, committed 54400K, reserved 1114112K
  class space    used 7201K, committed 7488K, reserved 1048576K
}
Event: 4.844 GC heap after
{Heap after GC invocations=22 (full 0):
 garbage-first heap   total 152576K, used 70261K [0x0000000080000000, 0x0000000100000000)
  region size 1024K, 1 young (1024K), 1 survivors (1024K)
 Metaspace       used 53818K, committed 54400K, reserved 1114112K
  class space    used 7201K, committed 7488K, reserved 1048576K
}
Event: 5.377 GC heap before
{Heap before GC invocations=23 (full 0):
 garbage-first heap   total 152576K, used 105077K [0x0000000080000000, 0x0000000100000000)
  region size 1024K, 35 young (35840K), 1 survivors (1024K)
 Metaspace       used 58001K, committed 58624K, reserved 1114112K
  class space    used 7891K, committed 8192K, reserved 1048576K
}
Event: 5.382 GC heap after
{Heap after GC invocations=24 (full 0):
 garbage-first heap   total 152576K, used 72354K [0x0000000080000000, 0x0000000100000000)
  region size 1024K, 4 young (4096K), 4 survivors (4096K)
 Metaspace       used 58001K, committed 58624K, reserved 1114112K
  class space    used 7891K, committed 8192K, reserved 1048576K
}
Event: 5.465 GC heap before
{Heap before GC invocations=24 (full 0):
 garbage-first heap   total 152576K, used 75426K [0x0000000080000000, 0x0000000100000000)
  region size 1024K, 7 young (7168K), 4 survivors (4096K)
 Metaspace       used 58129K, committed 58688K, reserved 1114112K
  class space    used 7914K, committed 8192K, reserved 1048576K
}
Event: 5.468 GC heap after
{Heap after GC invocations=25 (full 0):
 garbage-first heap   total 152576K, used 72297K [0x0000000080000000, 0x0000000100000000)
  region size 1024K, 1 young (1024K), 1 survivors (1024K)
 Metaspace       used 58129K, committed 58688K, reserved 1114112K
  class space    used 7914K, committed 8192K, reserved 1048576K
}
Event: 5.945 GC heap before
{Heap before GC invocations=25 (full 0):
 garbage-first heap   total 152576K, used 108137K [0x0000000080000000, 0x0000000100000000)
  region size 1024K, 36 young (36864K), 1 survivors (1024K)
 Metaspace       used 61476K, committed 62144K, reserved 1114112K
  class space    used 8442K, committed 8768K, reserved 1048576K
}
Event: 5.950 GC heap after
{Heap after GC invocations=26 (full 0):
 garbage-first heap   total 152576K, used 75030K [0x0000000080000000, 0x0000000100000000)
  region size 1024K, 4 young (4096K), 4 survivors (4096K)
 Metaspace       used 61476K, committed 62144K, reserved 1114112K
  class space    used 8442K, committed 8768K, reserved 1048576K
}
Event: 6.364 GC heap before
{Heap before GC invocations=27 (full 0):
 garbage-first heap   total 152576K, used 110870K [0x0000000080000000, 0x0000000100000000)
  region size 1024K, 40 young (40960K), 4 survivors (4096K)
 Metaspace       used 62099K, committed 62720K, reserved 1114112K
  class space    used 8479K, committed 8768K, reserved 1048576K
}
Event: 6.372 GC heap after
{Heap after GC invocations=28 (full 0):
 garbage-first heap   total 152576K, used 78953K [0x0000000080000000, 0x0000000100000000)
  region size 1024K, 5 young (5120K), 5 survivors (5120K)
 Metaspace       used 62099K, committed 62720K, reserved 1114112K
  class space    used 8479K, committed 8768K, reserved 1048576K
}
Event: 6.383 GC heap before
{Heap before GC invocations=28 (full 0):
 garbage-first heap   total 152576K, used 79977K [0x0000000080000000, 0x0000000100000000)
  region size 1024K, 7 young (7168K), 5 survivors (5120K)
 Metaspace       used 62118K, committed 62720K, reserved 1114112K
  class space    used 8479K, committed 8768K, reserved 1048576K
}
Event: 6.388 GC heap after
{Heap after GC invocations=29 (full 0):
 garbage-first heap   total 152576K, used 78847K [0x0000000080000000, 0x0000000100000000)
  region size 1024K, 1 young (1024K), 1 survivors (1024K)
 Metaspace       used 62118K, committed 62720K, reserved 1114112K
  class space    used 8479K, committed 8768K, reserved 1048576K
}
Event: 6.484 GC heap before
{Heap before GC invocations=29 (full 0):
 garbage-first heap   total 152576K, used 91135K [0x0000000080000000, 0x0000000100000000)
  region size 1024K, 14 young (14336K), 1 survivors (1024K)
 Metaspace       used 62318K, committed 62976K, reserved 1114112K
  class space    used 8499K, committed 8832K, reserved 1048576K
}
Event: 6.487 GC heap after
{Heap after GC invocations=30 (full 0):
 garbage-first heap   total 152576K, used 80596K [0x0000000080000000, 0x0000000100000000)
  region size 1024K, 3 young (3072K), 3 survivors (3072K)
 Metaspace       used 62318K, committed 62976K, reserved 1114112K
  class space    used 8499K, committed 8832K, reserved 1048576K
}
Event: 6.814 GC heap before
{Heap before GC invocations=31 (full 0):
 garbage-first heap   total 152576K, used 130772K [0x0000000080000000, 0x0000000100000000)
  region size 1024K, 38 young (38912K), 3 survivors (3072K)
 Metaspace       used 64198K, committed 64896K, reserved 1114112K
  class space    used 8753K, committed 9088K, reserved 1048576K
}
Event: 6.819 GC heap after
{Heap after GC invocations=32 (full 0):
 garbage-first heap   total 152576K, used 102380K [0x0000000080000000, 0x0000000100000000)
  region size 1024K, 5 young (5120K), 5 survivors (5120K)
 Metaspace       used 64198K, committed 64896K, reserved 1114112K
  class space    used 8753K, committed 9088K, reserved 1048576K
}
Event: 6.839 GC heap before
{Heap before GC invocations=32 (full 0):
 garbage-first heap   total 152576K, used 104428K [0x0000000080000000, 0x0000000100000000)
  region size 1024K, 7 young (7168K), 5 survivors (5120K)
 Metaspace       used 64366K, committed 65024K, reserved 1114112K
  class space    used 8770K, committed 9088K, reserved 1048576K
}
Event: 6.843 GC heap after
{Heap after GC invocations=33 (full 0):
 garbage-first heap   total 305152K, used 101202K [0x0000000080000000, 0x0000000100000000)
  region size 1024K, 1 young (1024K), 1 survivors (1024K)
 Metaspace       used 64366K, committed 65024K, reserved 1114112K
  class space    used 8770K, committed 9088K, reserved 1048576K
}

