# JRE version: OpenJDK Runtime Environment (17.0.11) (build 17.0.11+0--11852314)
# Java VM: OpenJDK 64-Bit Server VM (17.0.11+0--11852314, mixed mode, tiered, compressed oops, compressed class ptrs, g1 gc, windows-amd64)
GC Precious Log:
 CPUs: 4 total, 4 available
 Memory: 16163M
 Large Page Support: Disabled
 NUMA Support: Disabled
 Compressed Oops: Enabled (32-bit)
 Heap Region Size: 1M
 Heap Min Capacity: 8M
 Heap Initial Capacity: 254M
 Heap Max Capacity: 2G
 Pre-touch: Disabled
 Parallel Workers: 4
 Concurrent Workers: 1
 Concurrent Refinement Workers: 4
 Periodic GC: Disabled
Heap:
 garbage-first heap   total 260096K, used 114256K [0x0000000080000000, 0x0000000100000000)
  region size 1024K, 3 young (3072K), 3 survivors (3072K)
 Metaspace       used 77619K, committed 78272K, reserved 1179648K
  class space    used 10514K, committed 10816K, reserved 1048576K
GC Heap History (20 events):
Event: 4.734 GC heap after
{Heap after GC invocations=24 (full 0):
 garbage-first heap   total 179200K, used 69667K [0x0000000080000000, 0x0000000100000000)
  region size 1024K, 1 young (1024K), 1 survivors (1024K)
 Metaspace       used 53563K, committed 54144K, reserved 1114112K
  class space    used 7159K, committed 7424K, reserved 1048576K
}
Event: 5.464 GC heap before
{Heap before GC invocations=25 (full 0):
 garbage-first heap   total 179200K, used 135203K [0x0000000080000000, 0x0000000100000000)
  region size 1024K, 65 young (66560K), 1 survivors (1024K)
 Metaspace       used 59623K, committed 60224K, reserved 1114112K
  class space    used 8187K, committed 8448K, reserved 1048576K
}
Event: 5.469 GC heap after
{Heap after GC invocations=26 (full 0):
 garbage-first heap   total 179200K, used 73450K [0x0000000080000000, 0x0000000100000000)
  region size 1024K, 5 young (5120K), 5 survivors (5120K)
 Metaspace       used 59623K, committed 60224K, reserved 1114112K
  class space    used 8187K, committed 8448K, reserved 1048576K
}
Event: 5.513 GC heap before
{Heap before GC invocations=26 (full 0):
 garbage-first heap   total 179200K, used 76522K [0x0000000080000000, 0x0000000100000000)
  region size 1024K, 8 young (8192K), 5 survivors (5120K)
 Metaspace       used 59859K, committed 60480K, reserved 1114112K
  class space    used 8224K, committed 8512K, reserved 1048576K
}
Event: 5.517 GC heap after
{Heap after GC invocations=27 (full 0):
 garbage-first heap   total 179200K, used 73769K [0x0000000080000000, 0x0000000100000000)
  region size 1024K, 1 young (1024K), 1 survivors (1024K)
 Metaspace       used 59859K, committed 60480K, reserved 1114112K
  class space    used 8224K, committed 8512K, reserved 1048576K
}
Event: 6.150 GC heap before
{Heap before GC invocations=27 (full 0):
 garbage-first heap   total 179200K, used 140329K [0x0000000080000000, 0x0000000100000000)
  region size 1024K, 67 young (68608K), 1 survivors (1024K)
 Metaspace       used 62212K, committed 62848K, reserved 1114112K
  class space    used 8499K, committed 8768K, reserved 1048576K
}
Event: 6.157 GC heap after
{Heap after GC invocations=28 (full 0):
 garbage-first heap   total 179200K, used 79542K [0x0000000080000000, 0x0000000100000000)
  region size 1024K, 7 young (7168K), 7 survivors (7168K)
 Metaspace       used 62212K, committed 62848K, reserved 1114112K
  class space    used 8499K, committed 8768K, reserved 1048576K
}
Event: 6.197 GC heap before
{Heap before GC invocations=28 (full 0):
 garbage-first heap   total 179200K, used 88758K [0x0000000080000000, 0x0000000100000000)
  region size 1024K, 11 young (11264K), 7 survivors (7168K)
 Metaspace       used 62319K, committed 62976K, reserved 1114112K
  class space    used 8510K, committed 8832K, reserved 1048576K
}
Event: 6.203 GC heap after
{Heap after GC invocations=29 (full 0):
 garbage-first heap   total 179200K, used 88049K [0x0000000080000000, 0x0000000100000000)
  region size 1024K, 3 young (3072K), 3 survivors (3072K)
 Metaspace       used 62319K, committed 62976K, reserved 1114112K
  class space    used 8510K, committed 8832K, reserved 1048576K
}
Event: 6.834 GC heap before
{Heap before GC invocations=30 (full 0):
 garbage-first heap   total 179200K, used 150513K [0x0000000080000000, 0x0000000100000000)
  region size 1024K, 56 young (57344K), 3 survivors (3072K)
 Metaspace       used 65874K, committed 66496K, reserved 1114112K
  class space    used 8981K, committed 9280K, reserved 1048576K
}
Event: 6.837 GC heap after
{Heap after GC invocations=31 (full 0):
 garbage-first heap   total 179200K, used 101996K [0x0000000080000000, 0x0000000100000000)
  region size 1024K, 7 young (7168K), 7 survivors (7168K)
 Metaspace       used 65874K, committed 66496K, reserved 1114112K
  class space    used 8981K, committed 9280K, reserved 1048576K
}
Event: 6.845 GC heap before
{Heap before GC invocations=31 (full 0):
 garbage-first heap   total 179200K, used 103020K [0x0000000080000000, 0x0000000100000000)
  region size 1024K, 8 young (8192K), 7 survivors (7168K)
 Metaspace       used 65938K, committed 66560K, reserved 1114112K
  class space    used 8989K, committed 9280K, reserved 1048576K
}
Event: 6.851 GC heap after
{Heap after GC invocations=32 (full 0):
 garbage-first heap   total 179200K, used 101165K [0x0000000080000000, 0x0000000100000000)
  region size 1024K, 1 young (1024K), 1 survivors (1024K)
 Metaspace       used 65938K, committed 66560K, reserved 1114112K
  class space    used 8989K, committed 9280K, reserved 1048576K
}
Event: 7.255 GC heap before
{Heap before GC invocations=32 (full 0):
 garbage-first heap   total 179200K, used 146221K [0x0000000080000000, 0x0000000100000000)
  region size 1024K, 45 young (46080K), 1 survivors (1024K)
 Metaspace       used 70435K, committed 71168K, reserved 1114112K
  class space    used 9574K, committed 9920K, reserved 1048576K
}
Event: 7.258 GC heap after
{Heap after GC invocations=33 (full 0):
 garbage-first heap   total 179200K, used 102667K [0x0000000080000000, 0x0000000100000000)
  region size 1024K, 2 young (2048K), 2 survivors (2048K)
 Metaspace       used 70435K, committed 71168K, reserved 1114112K
  class space    used 9574K, committed 9920K, reserved 1048576K
}
Event: 7.698 GC heap before
{Heap before GC invocations=34 (full 0):
 garbage-first heap   total 179200K, used 152843K [0x0000000080000000, 0x0000000100000000)
  region size 1024K, 46 young (47104K), 2 survivors (2048K)
 Metaspace       used 73743K, committed 74368K, reserved 1114112K
  class space    used 10006K, committed 10304K, reserved 1048576K
}
Event: 7.707 GC heap after
{Heap after GC invocations=35 (full 0):
 garbage-first heap   total 179200K, used 107944K [0x0000000080000000, 0x0000000100000000)
  region size 1024K, 6 young (6144K), 6 survivors (6144K)
 Metaspace       used 73743K, committed 74368K, reserved 1114112K
  class space    used 10006K, committed 10304K, reserved 1048576K
}
Event: 7.743 GC heap before
{Heap before GC invocations=35 (full 0):
 garbage-first heap   total 179200K, used 109992K [0x0000000080000000, 0x0000000100000000)
  region size 1024K, 8 young (8192K), 6 survivors (6144K)
 Metaspace       used 73901K, committed 74560K, reserved 1114112K
  class space    used 10030K, committed 10368K, reserved 1048576K
}
Event: 7.750 GC heap after
{Heap after GC invocations=36 (full 0):
 garbage-first heap   total 179200K, used 107937K [0x0000000080000000, 0x0000000100000000)
  region size 1024K, 1 young (1024K), 1 survivors (1024K)
 Metaspace       used 73901K, committed 74560K, reserved 1114112K
  class space    used 10030K, committed 10368K, reserved 1048576K
}
Event: 8.229 GC heap before
{Heap before GC invocations=36 (full 0):
 garbage-first heap   total 179200K, used 150945K [0x0000000080000000, 0x0000000100000000)
  region size 1024K, 40 young (40960K), 1 survivors (1024K)
 Metaspace       used 77619K, committed 78272K, reserved 1179648K
  class space    used 10514K, committed 10816K, reserved 1048576K
}

