# JRE version: OpenJDK Runtime Environment (17.0.11) (build 17.0.11+0--11852314)
# Java VM: OpenJDK 64-Bit Server VM (17.0.11+0--11852314, mixed mode, tiered, compressed oops, compressed class ptrs, g1 gc, windows-amd64)
GC Precious Log:
 CPUs: 4 total, 4 available
 Memory: 16163M
 Large Page Support: Disabled
 NUMA Support: Disabled
 Compressed Oops: Enabled (32-bit)
 Heap Region Size: 1M
 Heap Min Capacity: 8M
 Heap Initial Capacity: 254M
 Heap Max Capacity: 2G
 Pre-touch: Disabled
 Parallel Workers: 4
 Concurrent Workers: 1
 Concurrent Refinement Workers: 4
 Periodic GC: Disabled
Heap:
 garbage-first heap   total 260096K, used 100865K [0x0000000080000000, 0x0000000100000000)
  region size 1024K, 1 young (1024K), 1 survivors (1024K)
 Metaspace       used 65919K, committed 66624K, reserved 1114112K
  class space    used 8981K, committed 9280K, reserved 1048576K
GC Heap History (20 events):
Event: 4.711 GC heap after
{Heap after GC invocations=24 (full 0):
 garbage-first heap   total 117760K, used 68301K [0x0000000080000000, 0x0000000100000000)
  region size 1024K, 2 young (2048K), 2 survivors (2048K)
 Metaspace       used 53586K, committed 54144K, reserved 1114112K
  class space    used 7159K, committed 7424K, reserved 1048576K
}
Event: 4.939 GC heap before
{Heap before GC invocations=25 (full 0):
 garbage-first heap   total 119808K, used 88781K [0x0000000080000000, 0x0000000100000000)
  region size 1024K, 22 young (22528K), 2 survivors (2048K)
 Metaspace       used 55689K, committed 56320K, reserved 1114112K
  class space    used 7521K, committed 7808K, reserved 1048576K
}
Event: 4.942 GC heap after
{Heap after GC invocations=26 (full 0):
 garbage-first heap   total 119808K, used 70179K [0x0000000080000000, 0x0000000100000000)
  region size 1024K, 2 young (2048K), 2 survivors (2048K)
 Metaspace       used 55689K, committed 56320K, reserved 1114112K
  class space    used 7521K, committed 7808K, reserved 1048576K
}
Event: 5.215 GC heap before
{Heap before GC invocations=26 (full 0):
 garbage-first heap   total 119808K, used 91683K [0x0000000080000000, 0x0000000100000000)
  region size 1024K, 23 young (23552K), 2 survivors (2048K)
 Metaspace       used 58186K, committed 58752K, reserved 1114112K
  class space    used 7928K, committed 8192K, reserved 1048576K
}
Event: 5.219 GC heap after
{Heap after GC invocations=27 (full 0):
 garbage-first heap   total 119808K, used 71863K [0x0000000080000000, 0x0000000100000000)
  region size 1024K, 3 young (3072K), 3 survivors (3072K)
 Metaspace       used 58186K, committed 58752K, reserved 1114112K
  class space    used 7928K, committed 8192K, reserved 1048576K
}
Event: 5.608 GC heap before
{Heap before GC invocations=28 (full 0):
 garbage-first heap   total 126976K, used 93367K [0x0000000080000000, 0x0000000100000000)
  region size 1024K, 24 young (24576K), 3 survivors (3072K)
 Metaspace       used 60306K, committed 60928K, reserved 1114112K
  class space    used 8288K, committed 8576K, reserved 1048576K
}
Event: 5.613 GC heap after
{Heap after GC invocations=29 (full 0):
 garbage-first heap   total 126976K, used 73380K [0x0000000080000000, 0x0000000100000000)
  region size 1024K, 2 young (2048K), 2 survivors (2048K)
 Metaspace       used 60306K, committed 60928K, reserved 1114112K
  class space    used 8288K, committed 8576K, reserved 1048576K
}
Event: 5.657 GC heap before
{Heap before GC invocations=29 (full 0):
 garbage-first heap   total 126976K, used 77476K [0x0000000080000000, 0x0000000100000000)
  region size 1024K, 6 young (6144K), 2 survivors (2048K)
 Metaspace       used 60832K, committed 61504K, reserved 1114112K
  class space    used 8361K, committed 8640K, reserved 1048576K
}
Event: 5.660 GC heap after
{Heap after GC invocations=30 (full 0):
 garbage-first heap   total 152576K, used 73280K [0x0000000080000000, 0x0000000100000000)
  region size 1024K, 1 young (1024K), 1 survivors (1024K)
 Metaspace       used 60832K, committed 61504K, reserved 1114112K
  class space    used 8361K, committed 8640K, reserved 1048576K
}
Event: 6.185 GC heap before
{Heap before GC invocations=30 (full 0):
 garbage-first heap   total 152576K, used 113216K [0x0000000080000000, 0x0000000100000000)
  region size 1024K, 41 young (41984K), 1 survivors (1024K)
 Metaspace       used 62057K, committed 62720K, reserved 1114112K
  class space    used 8481K, committed 8768K, reserved 1048576K
}
Event: 6.191 GC heap after
{Heap after GC invocations=31 (full 0):
 garbage-first heap   total 152576K, used 78609K [0x0000000080000000, 0x0000000100000000)
  region size 1024K, 6 young (6144K), 6 survivors (6144K)
 Metaspace       used 62057K, committed 62720K, reserved 1114112K
  class space    used 8481K, committed 8768K, reserved 1048576K
}
Event: 6.481 GC heap before
{Heap before GC invocations=32 (full 0):
 garbage-first heap   total 152576K, used 130833K [0x0000000080000000, 0x0000000100000000)
  region size 1024K, 43 young (44032K), 6 survivors (6144K)
 Metaspace       used 62995K, committed 63680K, reserved 1114112K
  class space    used 8609K, committed 8896K, reserved 1048576K
}
Event: 6.488 GC heap after
{Heap after GC invocations=33 (full 0):
 garbage-first heap   total 152576K, used 98980K [0x0000000080000000, 0x0000000100000000)
  region size 1024K, 6 young (6144K), 6 survivors (6144K)
 Metaspace       used 62995K, committed 63680K, reserved 1114112K
  class space    used 8609K, committed 8896K, reserved 1048576K
}
Event: 6.493 GC heap before
{Heap before GC invocations=33 (full 0):
 garbage-first heap   total 152576K, used 98980K [0x0000000080000000, 0x0000000100000000)
  region size 1024K, 7 young (7168K), 6 survivors (6144K)
 Metaspace       used 63042K, committed 63680K, reserved 1114112K
  class space    used 8617K, committed 8896K, reserved 1048576K
}
Event: 6.496 GC heap after
{Heap after GC invocations=34 (full 0):
 garbage-first heap   total 152576K, used 99125K [0x0000000080000000, 0x0000000100000000)
  region size 1024K, 1 young (1024K), 1 survivors (1024K)
 Metaspace       used 63042K, committed 63680K, reserved 1114112K
  class space    used 8617K, committed 8896K, reserved 1048576K
}
Event: 6.523 GC heap before
{Heap before GC invocations=34 (full 0):
 garbage-first heap   total 152576K, used 105269K [0x0000000080000000, 0x0000000100000000)
  region size 1024K, 9 young (9216K), 1 survivors (1024K)
 Metaspace       used 63544K, committed 64192K, reserved 1114112K
  class space    used 8662K, committed 8960K, reserved 1048576K
}
Event: 6.524 GC heap after
{Heap after GC invocations=35 (full 0):
 garbage-first heap   total 152576K, used 99103K [0x0000000080000000, 0x0000000100000000)
  region size 1024K, 1 young (1024K), 1 survivors (1024K)
 Metaspace       used 63544K, committed 64192K, reserved 1114112K
  class space    used 8662K, committed 8960K, reserved 1048576K
}
Event: 6.721 GC heap before
{Heap before GC invocations=36 (full 0):
 garbage-first heap   total 183296K, used 123679K [0x0000000080000000, 0x0000000100000000)
  region size 1024K, 25 young (25600K), 1 survivors (1024K)
 Metaspace       used 65390K, committed 66112K, reserved 1114112K
  class space    used 8924K, committed 9216K, reserved 1048576K
}
Event: 6.723 GC heap after
{Heap after GC invocations=37 (full 0):
 garbage-first heap   total 183296K, used 100691K [0x0000000080000000, 0x0000000100000000)
  region size 1024K, 2 young (2048K), 2 survivors (2048K)
 Metaspace       used 65390K, committed 66112K, reserved 1114112K
  class space    used 8924K, committed 9216K, reserved 1048576K
}
Event: 6.768 GC heap before
{Heap before GC invocations=37 (full 0):
 garbage-first heap   total 183296K, used 106835K [0x0000000080000000, 0x0000000100000000)
  region size 1024K, 8 young (8192K), 2 survivors (2048K)
 Metaspace       used 65919K, committed 66624K, reserved 1114112K
  class space    used 8981K, committed 9280K, reserved 1048576K
}

