# JRE version: OpenJDK Runtime Environment (17.0.11) (build 17.0.11+0--11852314)
# Java VM: OpenJDK 64-Bit Server VM (17.0.11+0--11852314, mixed mode, tiered, compressed oops, compressed class ptrs, g1 gc, windows-amd64)
GC Precious Log:
 CPUs: 4 total, 4 available
 Memory: 16163M
 Large Page Support: Disabled
 NUMA Support: Disabled
 Compressed Oops: Enabled (32-bit)
 Heap Region Size: 1M
 Heap Min Capacity: 8M
 Heap Initial Capacity: 254M
 Heap Max Capacity: 2G
 Pre-touch: Disabled
 Parallel Workers: 4
 Concurrent Workers: 1
 Concurrent Refinement Workers: 4
 Periodic GC: Disabled
Heap:
 garbage-first heap   total 207872K, used 113141K [0x0000000080000000, 0x0000000100000000)
  region size 1024K, 3 young (3072K), 3 survivors (3072K)
 Metaspace       used 78998K, committed 79744K, reserved 1179648K
  class space    used 10731K, committed 11072K, reserved 1048576K
GC Heap History (20 events):
Event: 7.208 GC heap after
{Heap after GC invocations=30 (full 0):
 garbage-first heap   total 163840K, used 75168K [0x0000000080000000, 0x0000000100000000)
  region size 1024K, 7 young (7168K), 7 survivors (7168K)
 Metaspace       used 61342K, committed 61952K, reserved 1114112K
  class space    used 8413K, committed 8704K, reserved 1048576K
}
Event: 7.566 GC heap before
{Heap before GC invocations=30 (full 0):
 garbage-first heap   total 163840K, used 121248K [0x0000000080000000, 0x0000000100000000)
  region size 1024K, 50 young (51200K), 7 survivors (7168K)
 Metaspace       used 61844K, committed 62528K, reserved 1114112K
  class space    used 8439K, committed 8768K, reserved 1048576K
}
Event: 7.575 GC heap after
{Heap after GC invocations=31 (full 0):
 garbage-first heap   total 163840K, used 83358K [0x0000000080000000, 0x0000000100000000)
  region size 1024K, 5 young (5120K), 5 survivors (5120K)
 Metaspace       used 61844K, committed 62528K, reserved 1114112K
  class space    used 8439K, committed 8768K, reserved 1048576K
}
Event: 7.879 GC heap before
{Heap before GC invocations=32 (full 0):
 garbage-first heap   total 163840K, used 136606K [0x0000000080000000, 0x0000000100000000)
  region size 1024K, 46 young (47104K), 5 survivors (5120K)
 Metaspace       used 64338K, committed 64960K, reserved 1114112K
  class space    used 8777K, committed 9088K, reserved 1048576K
}
Event: 7.885 GC heap after
{Heap after GC invocations=33 (full 0):
 garbage-first heap   total 163840K, used 100205K [0x0000000080000000, 0x0000000100000000)
  region size 1024K, 6 young (6144K), 6 survivors (6144K)
 Metaspace       used 64338K, committed 64960K, reserved 1114112K
  class space    used 8777K, committed 9088K, reserved 1048576K
}
Event: 7.900 GC heap before
{Heap before GC invocations=33 (full 0):
 garbage-first heap   total 163840K, used 102253K [0x0000000080000000, 0x0000000100000000)
  region size 1024K, 8 young (8192K), 6 survivors (6144K)
 Metaspace       used 64477K, committed 65088K, reserved 1114112K
  class space    used 8801K, committed 9088K, reserved 1048576K
}
Event: 7.903 GC heap after
{Heap after GC invocations=34 (full 0):
 garbage-first heap   total 163840K, used 99843K [0x0000000080000000, 0x0000000100000000)
  region size 1024K, 1 young (1024K), 1 survivors (1024K)
 Metaspace       used 64477K, committed 65088K, reserved 1114112K
  class space    used 8801K, committed 9088K, reserved 1048576K
}
Event: 8.240 GC heap before
{Heap before GC invocations=34 (full 0):
 garbage-first heap   total 163840K, used 130563K [0x0000000080000000, 0x0000000100000000)
  region size 1024K, 31 young (31744K), 1 survivors (1024K)
 Metaspace       used 67560K, committed 68224K, reserved 1114112K
  class space    used 9135K, committed 9472K, reserved 1048576K
}
Event: 8.242 GC heap after
{Heap after GC invocations=35 (full 0):
 garbage-first heap   total 163840K, used 100190K [0x0000000080000000, 0x0000000100000000)
  region size 1024K, 1 young (1024K), 1 survivors (1024K)
 Metaspace       used 67560K, committed 68224K, reserved 1114112K
  class space    used 9135K, committed 9472K, reserved 1048576K
}
Event: 8.780 GC heap before
{Heap before GC invocations=36 (full 0):
 garbage-first heap   total 178176K, used 133982K [0x0000000080000000, 0x0000000100000000)
  region size 1024K, 33 young (33792K), 1 survivors (1024K)
 Metaspace       used 71168K, committed 71808K, reserved 1114112K
  class space    used 9641K, committed 9984K, reserved 1048576K
}
Event: 8.784 GC heap after
{Heap after GC invocations=37 (full 0):
 garbage-first heap   total 178176K, used 103782K [0x0000000080000000, 0x0000000100000000)
  region size 1024K, 4 young (4096K), 4 survivors (4096K)
 Metaspace       used 71168K, committed 71808K, reserved 1114112K
  class space    used 9641K, committed 9984K, reserved 1048576K
}
Event: 8.798 GC heap before
{Heap before GC invocations=37 (full 0):
 garbage-first heap   total 178176K, used 110950K [0x0000000080000000, 0x0000000100000000)
  region size 1024K, 8 young (8192K), 4 survivors (4096K)
 Metaspace       used 71168K, committed 71808K, reserved 1114112K
  class space    used 9641K, committed 9984K, reserved 1048576K
}
Event: 8.802 GC heap after
{Heap after GC invocations=38 (full 0):
 garbage-first heap   total 178176K, used 107073K [0x0000000080000000, 0x0000000100000000)
  region size 1024K, 1 young (1024K), 1 survivors (1024K)
 Metaspace       used 71168K, committed 71808K, reserved 1114112K
  class space    used 9641K, committed 9984K, reserved 1048576K
}
Event: 8.826 GC heap before
{Heap before GC invocations=38 (full 0):
 garbage-first heap   total 178176K, used 111169K [0x0000000080000000, 0x0000000100000000)
  region size 1024K, 6 young (6144K), 1 survivors (1024K)
 Metaspace       used 71176K, committed 71872K, reserved 1114112K
  class space    used 9642K, committed 9984K, reserved 1048576K
}
Event: 8.827 GC heap after
{Heap after GC invocations=39 (full 0):
 garbage-first heap   total 178176K, used 107073K [0x0000000080000000, 0x0000000100000000)
  region size 1024K, 1 young (1024K), 1 survivors (1024K)
 Metaspace       used 71176K, committed 71872K, reserved 1114112K
  class space    used 9642K, committed 9984K, reserved 1048576K
}
Event: 9.207 GC heap before
{Heap before GC invocations=40 (full 0):
 garbage-first heap   total 191488K, used 144961K [0x0000000080000000, 0x0000000100000000)
  region size 1024K, 39 young (39936K), 1 survivors (1024K)
 Metaspace       used 73900K, committed 74624K, reserved 1114112K
  class space    used 10021K, committed 10368K, reserved 1048576K
}
Event: 9.210 GC heap after
{Heap after GC invocations=41 (full 0):
 garbage-first heap   total 191488K, used 106763K [0x0000000080000000, 0x0000000100000000)
  region size 1024K, 3 young (3072K), 3 survivors (3072K)
 Metaspace       used 73900K, committed 74624K, reserved 1114112K
  class space    used 10021K, committed 10368K, reserved 1048576K
}
Event: 9.298 GC heap before
{Heap before GC invocations=41 (full 0):
 garbage-first heap   total 191488K, used 111883K [0x0000000080000000, 0x0000000100000000)
  region size 1024K, 9 young (9216K), 3 survivors (3072K)
 Metaspace       used 74316K, committed 75008K, reserved 1114112K
  class space    used 10074K, committed 10432K, reserved 1048576K
}
Event: 9.303 GC heap after
{Heap after GC invocations=42 (full 0):
 garbage-first heap   total 191488K, used 106708K [0x0000000080000000, 0x0000000100000000)
  region size 1024K, 1 young (1024K), 1 survivors (1024K)
 Metaspace       used 74316K, committed 75008K, reserved 1114112K
  class space    used 10074K, committed 10432K, reserved 1048576K
}
Event: 9.904 GC heap before
{Heap before GC invocations=42 (full 0):
 garbage-first heap   total 191488K, used 160980K [0x0000000080000000, 0x0000000100000000)
  region size 1024K, 50 young (51200K), 1 survivors (1024K)
 Metaspace       used 78998K, committed 79744K, reserved 1179648K
  class space    used 10731K, committed 11072K, reserved 1048576K
}

