# JRE version: OpenJDK Runtime Environment (17.0.11) (build 17.0.11+0--11852314)
# Java VM: OpenJDK 64-Bit Server VM (17.0.11+0--11852314, mixed mode, tiered, compressed oops, compressed class ptrs, g1 gc, windows-amd64)
GC Precious Log:
 CPUs: 4 total, 4 available
 Memory: 16163M
 Large Page Support: Disabled
 NUMA Support: Disabled
 Compressed Oops: Enabled (32-bit)
 Heap Region Size: 1M
 Heap Min Capacity: 8M
 Heap Initial Capacity: 254M
 Heap Max Capacity: 2G
 Pre-touch: Disabled
 Parallel Workers: 4
 Concurrent Workers: 1
 Concurrent Refinement Workers: 4
 Periodic GC: Disabled
Heap:
 garbage-first heap   total 339968K, used 232666K [0x0000000080000000, 0x0000000100000000)
  region size 1024K, 61 young (62464K), 2 survivors (2048K)
 Metaspace       used 122156K, committed 123008K, reserved 1179648K
  class space    used 16333K, committed 16768K, reserved 1048576K
GC Heap History (20 events):
Event: 6.191 GC heap before
{Heap before GC invocations=31 (full 0):
 garbage-first heap   total 157696K, used 130240K [0x0000000080000000, 0x0000000100000000)
  region size 1024K, 40 young (40960K), 4 survivors (4096K)
 Metaspace       used 63655K, committed 64384K, reserved 1114112K
  class space    used 8692K, committed 9024K, reserved 1048576K
}
Event: 6.196 GC heap after
{Heap after GC invocations=32 (full 0):
 garbage-first heap   total 157696K, used 100587K [0x0000000080000000, 0x0000000100000000)
  region size 1024K, 5 young (5120K), 5 survivors (5120K)
 Metaspace       used 63655K, committed 64384K, reserved 1114112K
  class space    used 8692K, committed 9024K, reserved 1048576K
}
Event: 6.208 GC heap before
{Heap before GC invocations=32 (full 0):
 garbage-first heap   total 157696K, used 102635K [0x0000000080000000, 0x0000000100000000)
  region size 1024K, 7 young (7168K), 5 survivors (5120K)
 Metaspace       used 63759K, committed 64448K, reserved 1114112K
  class space    used 8700K, committed 9024K, reserved 1048576K
}
Event: 6.210 GC heap after
{Heap after GC invocations=33 (full 0):
 garbage-first heap   total 157696K, used 100521K [0x0000000080000000, 0x0000000100000000)
  region size 1024K, 1 young (1024K), 1 survivors (1024K)
 Metaspace       used 63759K, committed 64448K, reserved 1114112K
  class space    used 8700K, committed 9024K, reserved 1048576K
}
Event: 6.402 GC heap before
{Heap before GC invocations=33 (full 0):
 garbage-first heap   total 157696K, used 126121K [0x0000000080000000, 0x0000000100000000)
  region size 1024K, 27 young (27648K), 1 survivors (1024K)
 Metaspace       used 66046K, committed 66688K, reserved 1114112K
  class space    used 8968K, committed 9280K, reserved 1048576K
}
Event: 6.404 GC heap after
{Heap after GC invocations=34 (full 0):
 garbage-first heap   total 339968K, used 101027K [0x0000000080000000, 0x0000000100000000)
  region size 1024K, 1 young (1024K), 1 survivors (1024K)
 Metaspace       used 66046K, committed 66688K, reserved 1114112K
  class space    used 8968K, committed 9280K, reserved 1048576K
}
Event: 7.910 GC heap before
{Heap before GC invocations=35 (full 0):
 garbage-first heap   total 339968K, used 259747K [0x0000000080000000, 0x0000000100000000)
  region size 1024K, 147 young (150528K), 1 survivors (1024K)
 Metaspace       used 79039K, committed 79744K, reserved 1179648K
  class space    used 10743K, committed 11072K, reserved 1048576K
}
Event: 7.918 GC heap after
{Heap after GC invocations=36 (full 0):
 garbage-first heap   total 339968K, used 114852K [0x0000000080000000, 0x0000000100000000)
  region size 1024K, 10 young (10240K), 10 survivors (10240K)
 Metaspace       used 79039K, committed 79744K, reserved 1179648K
  class space    used 10743K, committed 11072K, reserved 1048576K
}
Event: 7.973 GC heap before
{Heap before GC invocations=36 (full 0):
 garbage-first heap   total 339968K, used 120996K [0x0000000080000000, 0x0000000100000000)
  region size 1024K, 16 young (16384K), 10 survivors (10240K)
 Metaspace       used 79817K, committed 80512K, reserved 1179648K
  class space    used 10851K, committed 11200K, reserved 1048576K
}
Event: 7.982 GC heap after
{Heap after GC invocations=37 (full 0):
 garbage-first heap   total 339968K, used 115283K [0x0000000080000000, 0x0000000100000000)
  region size 1024K, 1 young (1024K), 1 survivors (1024K)
 Metaspace       used 79817K, committed 80512K, reserved 1179648K
  class space    used 10851K, committed 11200K, reserved 1048576K
}
Event: 9.240 GC heap before
{Heap before GC invocations=37 (full 0):
 garbage-first heap   total 339968K, used 259667K [0x0000000080000000, 0x0000000100000000)
  region size 1024K, 142 young (145408K), 1 survivors (1024K)
 Metaspace       used 94147K, committed 94912K, reserved 1179648K
  class space    used 12917K, committed 13248K, reserved 1048576K
}
Event: 9.250 GC heap after
{Heap after GC invocations=38 (full 0):
 garbage-first heap   total 339968K, used 122091K [0x0000000080000000, 0x0000000100000000)
  region size 1024K, 8 young (8192K), 8 survivors (8192K)
 Metaspace       used 94147K, committed 94912K, reserved 1179648K
  class space    used 12917K, committed 13248K, reserved 1048576K
}
Event: 9.992 GC heap before
{Heap before GC invocations=38 (full 0):
 garbage-first heap   total 339968K, used 272619K [0x0000000080000000, 0x0000000100000000)
  region size 1024K, 148 young (151552K), 8 survivors (8192K)
 Metaspace       used 101513K, committed 102272K, reserved 1179648K
  class space    used 14063K, committed 14400K, reserved 1048576K
}
Event: 10.024 GC heap after
{Heap after GC invocations=39 (full 0):
 garbage-first heap   total 339968K, used 151045K [0x0000000080000000, 0x0000000100000000)
  region size 1024K, 19 young (19456K), 19 survivors (19456K)
 Metaspace       used 101513K, committed 102272K, reserved 1179648K
  class space    used 14063K, committed 14400K, reserved 1048576K
}
Event: 10.738 GC heap before
{Heap before GC invocations=39 (full 0):
 garbage-first heap   total 339968K, used 259589K [0x0000000080000000, 0x0000000100000000)
  region size 1024K, 119 young (121856K), 19 survivors (19456K)
 Metaspace       used 111890K, committed 112640K, reserved 1179648K
  class space    used 15143K, committed 15488K, reserved 1048576K
}
Event: 10.760 GC heap after
{Heap after GC invocations=40 (full 0):
 garbage-first heap   total 339968K, used 166400K [0x0000000080000000, 0x0000000100000000)
  region size 1024K, 8 young (8192K), 8 survivors (8192K)
 Metaspace       used 111890K, committed 112640K, reserved 1179648K
  class space    used 15143K, committed 15488K, reserved 1048576K
}
Event: 11.603 GC heap before
{Heap before GC invocations=41 (full 0):
 garbage-first heap   total 339968K, used 269824K [0x0000000080000000, 0x0000000100000000)
  region size 1024K, 108 young (110592K), 8 survivors (8192K)
 Metaspace       used 118823K, committed 119680K, reserved 1179648K
  class space    used 16009K, committed 16448K, reserved 1048576K
}
Event: 11.614 GC heap after
{Heap after GC invocations=42 (full 0):
 garbage-first heap   total 339968K, used 173056K [0x0000000080000000, 0x0000000100000000)
  region size 1024K, 14 young (14336K), 14 survivors (14336K)
 Metaspace       used 118823K, committed 119680K, reserved 1179648K
  class space    used 16009K, committed 16448K, reserved 1048576K
}
Event: 11.626 GC heap before
{Heap before GC invocations=42 (full 0):
 garbage-first heap   total 339968K, used 175104K [0x0000000080000000, 0x0000000100000000)
  region size 1024K, 16 young (16384K), 14 survivors (14336K)
 Metaspace       used 118833K, committed 119680K, reserved 1179648K
  class space    used 16009K, committed 16448K, reserved 1048576K
}
Event: 11.635 GC heap after
{Heap after GC invocations=43 (full 0):
 garbage-first heap   total 339968K, used 173274K [0x0000000080000000, 0x0000000100000000)
  region size 1024K, 2 young (2048K), 2 survivors (2048K)
 Metaspace       used 118833K, committed 119680K, reserved 1179648K
  class space    used 16009K, committed 16448K, reserved 1048576K
}

