# JRE version: OpenJDK Runtime Environment (17.0.11) (build 17.0.11+0--11852314)
# Java VM: OpenJDK 64-Bit Server VM (17.0.11+0--11852314, mixed mode, tiered, compressed oops, compressed class ptrs, g1 gc, windows-amd64)
GC Precious Log:
 CPUs: 4 total, 4 available
 Memory: 16163M
 Large Page Support: Disabled
 NUMA Support: Disabled
 Compressed Oops: Enabled (32-bit)
 Heap Region Size: 1M
 Heap Min Capacity: 8M
 Heap Initial Capacity: 254M
 Heap Max Capacity: 2G
 Pre-touch: Disabled
 Parallel Workers: 4
 Concurrent Workers: 1
 Concurrent Refinement Workers: 4
 Periodic GC: Disabled
Heap:
 garbage-first heap   total 331776K, used 181660K [0x0000000080000000, 0x0000000100000000)
  region size 1024K, 9 young (9216K), 9 survivors (9216K)
 Metaspace       used 127387K, committed 128192K, reserved 1179648K
  class space    used 16863K, committed 17280K, reserved 1048576K
GC Heap History (20 events):
Event: 6.745 GC heap after
{Heap after GC invocations=33 (full 0):
 garbage-first heap   total 165888K, used 99805K [0x0000000080000000, 0x0000000100000000)
  region size 1024K, 1 young (1024K), 1 survivors (1024K)
 Metaspace       used 64706K, committed 65408K, reserved 1114112K
  class space    used 8820K, committed 9152K, reserved 1048576K
}
Event: 6.992 GC heap before
{Heap before GC invocations=33 (full 0):
 garbage-first heap   total 165888K, used 130525K [0x0000000080000000, 0x0000000100000000)
  region size 1024K, 32 young (32768K), 1 survivors (1024K)
 Metaspace       used 67594K, committed 68288K, reserved 1114112K
  class space    used 9145K, committed 9472K, reserved 1048576K
}
Event: 6.995 GC heap after
{Heap after GC invocations=34 (full 0):
 garbage-first heap   total 331776K, used 100279K [0x0000000080000000, 0x0000000100000000)
  region size 1024K, 1 young (1024K), 1 survivors (1024K)
 Metaspace       used 67594K, committed 68288K, reserved 1114112K
  class space    used 9145K, committed 9472K, reserved 1048576K
}
Event: 8.185 GC heap before
{Heap before GC invocations=35 (full 0):
 garbage-first heap   total 331776K, used 225207K [0x0000000080000000, 0x0000000100000000)
  region size 1024K, 114 young (116736K), 1 survivors (1024K)
 Metaspace       used 77642K, committed 78336K, reserved 1179648K
  class space    used 10513K, committed 10816K, reserved 1048576K
}
Event: 8.193 GC heap after
{Heap after GC invocations=36 (full 0):
 garbage-first heap   total 331776K, used 113467K [0x0000000080000000, 0x0000000100000000)
  region size 1024K, 9 young (9216K), 9 survivors (9216K)
 Metaspace       used 77642K, committed 78336K, reserved 1179648K
  class space    used 10513K, committed 10816K, reserved 1048576K
}
Event: 8.254 GC heap before
{Heap before GC invocations=36 (full 0):
 garbage-first heap   total 331776K, used 120635K [0x0000000080000000, 0x0000000100000000)
  region size 1024K, 16 young (16384K), 9 survivors (9216K)
 Metaspace       used 77993K, committed 78720K, reserved 1179648K
  class space    used 10568K, committed 10880K, reserved 1048576K
}
Event: 8.260 GC heap after
{Heap after GC invocations=37 (full 0):
 garbage-first heap   total 331776K, used 114057K [0x0000000080000000, 0x0000000100000000)
  region size 1024K, 1 young (1024K), 1 survivors (1024K)
 Metaspace       used 77993K, committed 78720K, reserved 1179648K
  class space    used 10568K, committed 10880K, reserved 1048576K
}
Event: 9.525 GC heap before
{Heap before GC invocations=37 (full 0):
 garbage-first heap   total 331776K, used 253321K [0x0000000080000000, 0x0000000100000000)
  region size 1024K, 137 young (140288K), 1 survivors (1024K)
 Metaspace       used 90134K, committed 90880K, reserved 1179648K
  class space    used 12180K, committed 12544K, reserved 1048576K
}
Event: 9.534 GC heap after
{Heap after GC invocations=38 (full 0):
 garbage-first heap   total 331776K, used 121110K [0x0000000080000000, 0x0000000100000000)
  region size 1024K, 8 young (8192K), 8 survivors (8192K)
 Metaspace       used 90134K, committed 90880K, reserved 1179648K
  class space    used 12180K, committed 12544K, reserved 1048576K
}
Event: 10.298 GC heap before
{Heap before GC invocations=38 (full 0):
 garbage-first heap   total 331776K, used 264470K [0x0000000080000000, 0x0000000100000000)
  region size 1024K, 142 young (145408K), 8 survivors (8192K)
 Metaspace       used 98330K, committed 99136K, reserved 1179648K
  class space    used 13683K, committed 14080K, reserved 1048576K
}
Event: 10.330 GC heap after
{Heap after GC invocations=39 (full 0):
 garbage-first heap   total 331776K, used 147842K [0x0000000080000000, 0x0000000100000000)
  region size 1024K, 18 young (18432K), 18 survivors (18432K)
 Metaspace       used 98330K, committed 99136K, reserved 1179648K
  class space    used 13683K, committed 14080K, reserved 1048576K
}
Event: 10.998 GC heap before
{Heap before GC invocations=39 (full 0):
 garbage-first heap   total 331776K, used 256386K [0x0000000080000000, 0x0000000100000000)
  region size 1024K, 117 young (119808K), 18 survivors (18432K)
 Metaspace       used 108326K, committed 109120K, reserved 1179648K
  class space    used 14710K, committed 15104K, reserved 1048576K
}
Event: 11.020 GC heap after
{Heap after GC invocations=40 (full 0):
 garbage-first heap   total 331776K, used 165043K [0x0000000080000000, 0x0000000100000000)
  region size 1024K, 9 young (9216K), 9 survivors (9216K)
 Metaspace       used 108326K, committed 109120K, reserved 1179648K
  class space    used 14710K, committed 15104K, reserved 1048576K
}
Event: 11.488 GC heap before
{Heap before GC invocations=40 (full 0):
 garbage-first heap   total 331776K, used 217267K [0x0000000080000000, 0x0000000100000000)
  region size 1024K, 61 young (62464K), 9 survivors (9216K)
 Metaspace       used 114391K, committed 115200K, reserved 1179648K
  class space    used 15431K, committed 15872K, reserved 1048576K
}
Event: 11.501 GC heap after
{Heap after GC invocations=41 (full 0):
 garbage-first heap   total 331776K, used 169118K [0x0000000080000000, 0x0000000100000000)
  region size 1024K, 4 young (4096K), 4 survivors (4096K)
 Metaspace       used 114391K, committed 115200K, reserved 1179648K
  class space    used 15431K, committed 15872K, reserved 1048576K
}
Event: 12.321 GC heap before
{Heap before GC invocations=42 (full 0):
 garbage-first heap   total 331776K, used 265374K [0x0000000080000000, 0x0000000100000000)
  region size 1024K, 97 young (99328K), 4 survivors (4096K)
 Metaspace       used 119355K, committed 120192K, reserved 1179648K
  class space    used 16075K, committed 16512K, reserved 1048576K
}
Event: 12.329 GC heap after
{Heap after GC invocations=43 (full 0):
 garbage-first heap   total 331776K, used 175210K [0x0000000080000000, 0x0000000100000000)
  region size 1024K, 10 young (10240K), 10 survivors (10240K)
 Metaspace       used 119355K, committed 120192K, reserved 1179648K
  class space    used 16075K, committed 16512K, reserved 1048576K
}
Event: 12.343 GC heap before
{Heap before GC invocations=43 (full 0):
 garbage-first heap   total 331776K, used 181354K [0x0000000080000000, 0x0000000100000000)
  region size 1024K, 16 young (16384K), 10 survivors (10240K)
 Metaspace       used 119374K, committed 120256K, reserved 1179648K
  class space    used 16075K, committed 16512K, reserved 1048576K
}
Event: 12.350 GC heap after
{Heap after GC invocations=44 (full 0):
 garbage-first heap   total 331776K, used 174524K [0x0000000080000000, 0x0000000100000000)
  region size 1024K, 2 young (2048K), 2 survivors (2048K)
 Metaspace       used 119374K, committed 120256K, reserved 1179648K
  class space    used 16075K, committed 16512K, reserved 1048576K
}
Event: 13.448 GC heap before
{Heap before GC invocations=44 (full 0):
 garbage-first heap   total 331776K, used 266684K [0x0000000080000000, 0x0000000100000000)
  region size 1024K, 92 young (94208K), 2 survivors (2048K)
 Metaspace       used 127387K, committed 128192K, reserved 1179648K
  class space    used 16863K, committed 17280K, reserved 1048576K
}

